[0m22:31:52.898363 [debug] [MainThread]: Sending event: {'category': 'dbt', 'action': 'invocation', 'label': 'start', 'context': [<snowplow_tracker.self_describing_json.SelfDescribingJson object at 0x1058d8a30>, <snowplow_tracker.self_describing_json.SelfDescribingJson object at 0x108429b20>, <snowplow_tracker.self_describing_json.SelfDescribingJson object at 0x108429d00>]}


============================== 22:31:52.902012 | 25b8585b-274b-4ea0-b9d5-777b84be8283 ==============================
[0m22:31:52.902012 [info ] [MainThread]: Running with dbt=1.6.3
[0m22:31:52.902334 [debug] [MainThread]: running dbt with arguments {'printer_width': '80', 'indirect_selection': 'eager', 'log_cache_events': 'False', 'write_json': 'True', 'partial_parse': 'True', 'cache_selected_only': 'False', 'profiles_dir': '/Users/jeffreykatz/.dbt', 'fail_fast': 'False', 'warn_error': 'None', 'log_path': 'logs', 'version_check': 'True', 'debug': 'False', 'use_colors': 'True', 'use_experimental_parser': 'False', 'no_print': 'None', 'quiet': 'False', 'warn_error_options': 'WarnErrorOptions(include=[], exclude=[])', 'introspect': 'True', 'log_format': 'default', 'invocation_command': 'dbt init duckdbt_demo', 'target_path': 'None', 'static_parser': 'True', 'send_anonymous_usage_stats': 'True'}
[0m22:31:52.903249 [debug] [MainThread]: Starter project path: /Users/jeffreykatz/Documents/jigsaw/curriculum/1-career-services/4-duck-db/2-duck-dbt/codebase/venv/lib/python3.9/site-packages/dbt/include/starter_project
[0m22:31:52.906664 [info ] [MainThread]: 
Your new dbt project "duckdbt_demo" was created!

For more information on how to configure the profiles.yml file,
please consult the dbt documentation here:

  https://docs.getdbt.com/docs/configure-your-profile

One more thing:

Need help? Don't hesitate to reach out to us via GitHub issues or on Slack:

  https://community.getdbt.com/

Happy modeling!

[0m22:31:52.906897 [info ] [MainThread]: Setting up your profile.
[0m22:31:55.171697 [error] [MainThread]: Encountered an error:

[0m22:31:55.176785 [error] [MainThread]: Traceback (most recent call last):
  File "/Users/jeffreykatz/Documents/jigsaw/curriculum/1-career-services/4-duck-db/2-duck-dbt/codebase/venv/lib/python3.9/site-packages/dbt/cli/requires.py", line 87, in wrapper
    result, success = func(*args, **kwargs)
  File "/Users/jeffreykatz/Documents/jigsaw/curriculum/1-career-services/4-duck-db/2-duck-dbt/codebase/venv/lib/python3.9/site-packages/dbt/cli/requires.py", line 72, in wrapper
    return func(*args, **kwargs)
  File "/Users/jeffreykatz/Documents/jigsaw/curriculum/1-career-services/4-duck-db/2-duck-dbt/codebase/venv/lib/python3.9/site-packages/dbt/cli/main.py", line 469, in init
    results = task.run()
  File "/Users/jeffreykatz/Documents/jigsaw/curriculum/1-career-services/4-duck-db/2-duck-dbt/codebase/venv/lib/python3.9/site-packages/dbt/task/init.py", line 307, in run
    adapter = self.ask_for_adapter_choice()
  File "/Users/jeffreykatz/Documents/jigsaw/curriculum/1-career-services/4-duck-db/2-duck-dbt/codebase/venv/lib/python3.9/site-packages/dbt/task/init.py", line 233, in ask_for_adapter_choice
    numeric_choice = click.prompt(prompt_msg, type=click.INT)
  File "/Users/jeffreykatz/Documents/jigsaw/curriculum/1-career-services/4-duck-db/2-duck-dbt/codebase/venv/lib/python3.9/site-packages/click/termui.py", line 164, in prompt
    value = prompt_func(prompt)
  File "/Users/jeffreykatz/Documents/jigsaw/curriculum/1-career-services/4-duck-db/2-duck-dbt/codebase/venv/lib/python3.9/site-packages/click/termui.py", line 147, in prompt_func
    raise Abort() from None
click.exceptions.Abort

[0m22:31:55.178506 [debug] [MainThread]: Command `dbt init` failed at 22:31:55.178258 after 2.30 seconds
[0m22:31:55.179309 [debug] [MainThread]: Sending event: {'category': 'dbt', 'action': 'invocation', 'label': 'end', 'context': [<snowplow_tracker.self_describing_json.SelfDescribingJson object at 0x1058d8a30>, <snowplow_tracker.self_describing_json.SelfDescribingJson object at 0x1084292b0>, <snowplow_tracker.self_describing_json.SelfDescribingJson object at 0x108429e50>]}
[0m22:31:55.180229 [debug] [MainThread]: Flushing usage events
